<?xml version="1.0" encoding="UTF-8"?>
<testsuite xmlns:xsi="http://www.w3.org/2001/XMLSchema-instance" xsi:noNamespaceSchemaLocation="https://maven.apache.org/surefire/maven-surefire-plugin/xsd/surefire-test-report.xsd" name="EciPixels.EciPixelsApplicationTests" time="0.734" tests="0" errors="0" skipped="0" failures="0">
  <properties>
    <property name="java.specification.version" value="20"/>
    <property name="sun.jnu.encoding" value="UTF-8"/>
    <property name="java.class.path" value="/Volumes/ANDRESFAA/Proyecto ARSW/Ecipixels-Backend/target/test-classes:/Volumes/ANDRESFAA/Proyecto ARSW/Ecipixels-Backend/target/classes:/Users/andresfelipe/.m2/repository/org/springframework/boot/spring-boot-starter-web/2.6.2/spring-boot-starter-web-2.6.2.jar:/Users/andresfelipe/.m2/repository/org/springframework/boot/spring-boot-starter/2.6.2/spring-boot-starter-2.6.2.jar:/Users/andresfelipe/.m2/repository/org/springframework/boot/spring-boot-starter-logging/2.6.2/spring-boot-starter-logging-2.6.2.jar:/Users/andresfelipe/.m2/repository/ch/qos/logback/logback-classic/1.2.9/logback-classic-1.2.9.jar:/Users/andresfelipe/.m2/repository/ch/qos/logback/logback-core/1.2.9/logback-core-1.2.9.jar:/Users/andresfelipe/.m2/repository/org/apache/logging/log4j/log4j-to-slf4j/2.17.0/log4j-to-slf4j-2.17.0.jar:/Users/andresfelipe/.m2/repository/org/apache/logging/log4j/log4j-api/2.17.0/log4j-api-2.17.0.jar:/Users/andresfelipe/.m2/repository/org/slf4j/jul-to-slf4j/1.7.32/jul-to-slf4j-1.7.32.jar:/Users/andresfelipe/.m2/repository/jakarta/annotation/jakarta.annotation-api/1.3.5/jakarta.annotation-api-1.3.5.jar:/Users/andresfelipe/.m2/repository/org/yaml/snakeyaml/1.29/snakeyaml-1.29.jar:/Users/andresfelipe/.m2/repository/org/springframework/boot/spring-boot-starter-json/2.6.2/spring-boot-starter-json-2.6.2.jar:/Users/andresfelipe/.m2/repository/com/fasterxml/jackson/core/jackson-databind/2.13.1/jackson-databind-2.13.1.jar:/Users/andresfelipe/.m2/repository/com/fasterxml/jackson/core/jackson-annotations/2.13.1/jackson-annotations-2.13.1.jar:/Users/andresfelipe/.m2/repository/com/fasterxml/jackson/core/jackson-core/2.13.1/jackson-core-2.13.1.jar:/Users/andresfelipe/.m2/repository/com/fasterxml/jackson/datatype/jackson-datatype-jdk8/2.13.1/jackson-datatype-jdk8-2.13.1.jar:/Users/andresfelipe/.m2/repository/com/fasterxml/jackson/datatype/jackson-datatype-jsr310/2.13.1/jackson-datatype-jsr310-2.13.1.jar:/Users/andresfelipe/.m2/repository/com/fasterxml/jackson/module/jackson-module-parameter-names/2.13.1/jackson-module-parameter-names-2.13.1.jar:/Users/andresfelipe/.m2/repository/org/springframework/boot/spring-boot-starter-tomcat/2.6.2/spring-boot-starter-tomcat-2.6.2.jar:/Users/andresfelipe/.m2/repository/org/apache/tomcat/embed/tomcat-embed-core/9.0.56/tomcat-embed-core-9.0.56.jar:/Users/andresfelipe/.m2/repository/org/apache/tomcat/embed/tomcat-embed-el/9.0.56/tomcat-embed-el-9.0.56.jar:/Users/andresfelipe/.m2/repository/org/apache/tomcat/embed/tomcat-embed-websocket/9.0.56/tomcat-embed-websocket-9.0.56.jar:/Users/andresfelipe/.m2/repository/org/springframework/spring-web/5.3.14/spring-web-5.3.14.jar:/Users/andresfelipe/.m2/repository/org/springframework/spring-beans/5.3.14/spring-beans-5.3.14.jar:/Users/andresfelipe/.m2/repository/org/springframework/spring-webmvc/5.3.14/spring-webmvc-5.3.14.jar:/Users/andresfelipe/.m2/repository/org/springframework/spring-aop/5.3.14/spring-aop-5.3.14.jar:/Users/andresfelipe/.m2/repository/org/springframework/spring-context/5.3.14/spring-context-5.3.14.jar:/Users/andresfelipe/.m2/repository/org/springframework/spring-expression/5.3.14/spring-expression-5.3.14.jar:/Users/andresfelipe/.m2/repository/org/springframework/boot/spring-boot-devtools/2.6.2/spring-boot-devtools-2.6.2.jar:/Users/andresfelipe/.m2/repository/org/springframework/boot/spring-boot/2.6.2/spring-boot-2.6.2.jar:/Users/andresfelipe/.m2/repository/org/springframework/boot/spring-boot-autoconfigure/2.6.2/spring-boot-autoconfigure-2.6.2.jar:/Users/andresfelipe/.m2/repository/org/springframework/boot/spring-boot-starter-test/2.6.2/spring-boot-starter-test-2.6.2.jar:/Users/andresfelipe/.m2/repository/org/springframework/boot/spring-boot-test/2.6.2/spring-boot-test-2.6.2.jar:/Users/andresfelipe/.m2/repository/org/springframework/boot/spring-boot-test-autoconfigure/2.6.2/spring-boot-test-autoconfigure-2.6.2.jar:/Users/andresfelipe/.m2/repository/com/jayway/jsonpath/json-path/2.6.0/json-path-2.6.0.jar:/Users/andresfelipe/.m2/repository/net/minidev/json-smart/2.4.7/json-smart-2.4.7.jar:/Users/andresfelipe/.m2/repository/net/minidev/accessors-smart/2.4.7/accessors-smart-2.4.7.jar:/Users/andresfelipe/.m2/repository/org/ow2/asm/asm/9.1/asm-9.1.jar:/Users/andresfelipe/.m2/repository/jakarta/xml/bind/jakarta.xml.bind-api/2.3.3/jakarta.xml.bind-api-2.3.3.jar:/Users/andresfelipe/.m2/repository/jakarta/activation/jakarta.activation-api/1.2.2/jakarta.activation-api-1.2.2.jar:/Users/andresfelipe/.m2/repository/org/assertj/assertj-core/3.21.0/assertj-core-3.21.0.jar:/Users/andresfelipe/.m2/repository/org/hamcrest/hamcrest/2.2/hamcrest-2.2.jar:/Users/andresfelipe/.m2/repository/org/junit/jupiter/junit-jupiter/5.8.2/junit-jupiter-5.8.2.jar:/Users/andresfelipe/.m2/repository/org/junit/jupiter/junit-jupiter-api/5.8.2/junit-jupiter-api-5.8.2.jar:/Users/andresfelipe/.m2/repository/org/opentest4j/opentest4j/1.2.0/opentest4j-1.2.0.jar:/Users/andresfelipe/.m2/repository/org/junit/platform/junit-platform-commons/1.8.2/junit-platform-commons-1.8.2.jar:/Users/andresfelipe/.m2/repository/org/apiguardian/apiguardian-api/1.1.2/apiguardian-api-1.1.2.jar:/Users/andresfelipe/.m2/repository/org/junit/jupiter/junit-jupiter-params/5.8.2/junit-jupiter-params-5.8.2.jar:/Users/andresfelipe/.m2/repository/org/junit/jupiter/junit-jupiter-engine/5.8.2/junit-jupiter-engine-5.8.2.jar:/Users/andresfelipe/.m2/repository/org/junit/platform/junit-platform-engine/1.8.2/junit-platform-engine-1.8.2.jar:/Users/andresfelipe/.m2/repository/org/mockito/mockito-core/4.0.0/mockito-core-4.0.0.jar:/Users/andresfelipe/.m2/repository/net/bytebuddy/byte-buddy/1.11.22/byte-buddy-1.11.22.jar:/Users/andresfelipe/.m2/repository/net/bytebuddy/byte-buddy-agent/1.11.22/byte-buddy-agent-1.11.22.jar:/Users/andresfelipe/.m2/repository/org/objenesis/objenesis/3.2/objenesis-3.2.jar:/Users/andresfelipe/.m2/repository/org/mockito/mockito-junit-jupiter/4.0.0/mockito-junit-jupiter-4.0.0.jar:/Users/andresfelipe/.m2/repository/org/skyscreamer/jsonassert/1.5.0/jsonassert-1.5.0.jar:/Users/andresfelipe/.m2/repository/com/vaadin/external/google/android-json/0.0.20131108.vaadin1/android-json-0.0.20131108.vaadin1.jar:/Users/andresfelipe/.m2/repository/org/springframework/spring-core/5.3.14/spring-core-5.3.14.jar:/Users/andresfelipe/.m2/repository/org/springframework/spring-jcl/5.3.14/spring-jcl-5.3.14.jar:/Users/andresfelipe/.m2/repository/org/springframework/spring-test/5.3.14/spring-test-5.3.14.jar:/Users/andresfelipe/.m2/repository/org/xmlunit/xmlunit-core/2.8.4/xmlunit-core-2.8.4.jar:/Users/andresfelipe/.m2/repository/org/springframework/boot/spring-boot-starter-data-redis/2.6.2/spring-boot-starter-data-redis-2.6.2.jar:/Users/andresfelipe/.m2/repository/org/springframework/data/spring-data-redis/2.6.0/spring-data-redis-2.6.0.jar:/Users/andresfelipe/.m2/repository/org/springframework/data/spring-data-keyvalue/2.6.0/spring-data-keyvalue-2.6.0.jar:/Users/andresfelipe/.m2/repository/org/springframework/data/spring-data-commons/2.6.0/spring-data-commons-2.6.0.jar:/Users/andresfelipe/.m2/repository/org/springframework/spring-tx/5.3.14/spring-tx-5.3.14.jar:/Users/andresfelipe/.m2/repository/org/springframework/spring-oxm/5.3.14/spring-oxm-5.3.14.jar:/Users/andresfelipe/.m2/repository/org/springframework/spring-context-support/5.3.14/spring-context-support-5.3.14.jar:/Users/andresfelipe/.m2/repository/io/lettuce/lettuce-core/6.1.5.RELEASE/lettuce-core-6.1.5.RELEASE.jar:/Users/andresfelipe/.m2/repository/io/netty/netty-common/4.1.72.Final/netty-common-4.1.72.Final.jar:/Users/andresfelipe/.m2/repository/io/netty/netty-handler/4.1.72.Final/netty-handler-4.1.72.Final.jar:/Users/andresfelipe/.m2/repository/io/netty/netty-resolver/4.1.72.Final/netty-resolver-4.1.72.Final.jar:/Users/andresfelipe/.m2/repository/io/netty/netty-buffer/4.1.72.Final/netty-buffer-4.1.72.Final.jar:/Users/andresfelipe/.m2/repository/io/netty/netty-codec/4.1.72.Final/netty-codec-4.1.72.Final.jar:/Users/andresfelipe/.m2/repository/io/netty/netty-tcnative-classes/2.0.46.Final/netty-tcnative-classes-2.0.46.Final.jar:/Users/andresfelipe/.m2/repository/io/netty/netty-transport/4.1.72.Final/netty-transport-4.1.72.Final.jar:/Users/andresfelipe/.m2/repository/io/projectreactor/reactor-core/3.4.13/reactor-core-3.4.13.jar:/Users/andresfelipe/.m2/repository/org/reactivestreams/reactive-streams/1.0.3/reactive-streams-1.0.3.jar:/Users/andresfelipe/.m2/repository/redis/clients/jedis/3.7.0/jedis-3.7.0.jar:/Users/andresfelipe/.m2/repository/org/slf4j/slf4j-api/1.7.32/slf4j-api-1.7.32.jar:/Users/andresfelipe/.m2/repository/org/apache/commons/commons-pool2/2.11.1/commons-pool2-2.11.1.jar:/Users/andresfelipe/.m2/repository/com/h2database/h2/1.4.200/h2-1.4.200.jar:/Users/andresfelipe/.m2/repository/jakarta/persistence/jakarta.persistence-api/3.0.0/jakarta.persistence-api-3.0.0.jar:/Users/andresfelipe/.m2/repository/org/testng/testng/7.8.0/testng-7.8.0.jar:/Users/andresfelipe/.m2/repository/com/beust/jcommander/1.82/jcommander-1.82.jar:/Users/andresfelipe/.m2/repository/org/webjars/jquery/3.6.1/jquery-3.6.1.jar:/Users/andresfelipe/.m2/repository/org/springframework/boot/spring-boot-starter-websocket/2.6.2/spring-boot-starter-websocket-2.6.2.jar:/Users/andresfelipe/.m2/repository/org/springframework/spring-messaging/5.3.14/spring-messaging-5.3.14.jar:/Users/andresfelipe/.m2/repository/org/springframework/spring-websocket/5.3.14/spring-websocket-5.3.14.jar:"/>
    <property name="java.vm.vendor" value="Homebrew"/>
    <property name="sun.arch.data.model" value="64"/>
    <property name="java.vendor.url" value="https://github.com/Homebrew/homebrew-core/issues"/>
    <property name="os.name" value="Mac OS X"/>
    <property name="java.vm.specification.version" value="20"/>
    <property name="sun.java.launcher" value="SUN_STANDARD"/>
    <property name="user.country" value="419"/>
    <property name="sun.boot.library.path" value="/usr/local/Cellar/openjdk/20.0.2/libexec/openjdk.jdk/Contents/Home/lib"/>
    <property name="sun.java.command" value="/Volumes/ANDRESFAA/Proyecto ARSW/Ecipixels-Backend/target/surefire/surefirebooter6050654879083400884.jar /Volumes/ANDRESFAA/Proyecto ARSW/Ecipixels-Backend/target/surefire 2024-05-17T16-50-28_232-jvmRun1 surefire4988412107376657593tmp surefire_01344651128587609308tmp"/>
    <property name="http.nonProxyHosts" value="local|*.local|169.254/16|*.169.254/16"/>
    <property name="jdk.debug" value="release"/>
    <property name="surefire.test.class.path" value="/Volumes/ANDRESFAA/Proyecto ARSW/Ecipixels-Backend/target/test-classes:/Volumes/ANDRESFAA/Proyecto ARSW/Ecipixels-Backend/target/classes:/Users/andresfelipe/.m2/repository/org/springframework/boot/spring-boot-starter-web/2.6.2/spring-boot-starter-web-2.6.2.jar:/Users/andresfelipe/.m2/repository/org/springframework/boot/spring-boot-starter/2.6.2/spring-boot-starter-2.6.2.jar:/Users/andresfelipe/.m2/repository/org/springframework/boot/spring-boot-starter-logging/2.6.2/spring-boot-starter-logging-2.6.2.jar:/Users/andresfelipe/.m2/repository/ch/qos/logback/logback-classic/1.2.9/logback-classic-1.2.9.jar:/Users/andresfelipe/.m2/repository/ch/qos/logback/logback-core/1.2.9/logback-core-1.2.9.jar:/Users/andresfelipe/.m2/repository/org/apache/logging/log4j/log4j-to-slf4j/2.17.0/log4j-to-slf4j-2.17.0.jar:/Users/andresfelipe/.m2/repository/org/apache/logging/log4j/log4j-api/2.17.0/log4j-api-2.17.0.jar:/Users/andresfelipe/.m2/repository/org/slf4j/jul-to-slf4j/1.7.32/jul-to-slf4j-1.7.32.jar:/Users/andresfelipe/.m2/repository/jakarta/annotation/jakarta.annotation-api/1.3.5/jakarta.annotation-api-1.3.5.jar:/Users/andresfelipe/.m2/repository/org/yaml/snakeyaml/1.29/snakeyaml-1.29.jar:/Users/andresfelipe/.m2/repository/org/springframework/boot/spring-boot-starter-json/2.6.2/spring-boot-starter-json-2.6.2.jar:/Users/andresfelipe/.m2/repository/com/fasterxml/jackson/core/jackson-databind/2.13.1/jackson-databind-2.13.1.jar:/Users/andresfelipe/.m2/repository/com/fasterxml/jackson/core/jackson-annotations/2.13.1/jackson-annotations-2.13.1.jar:/Users/andresfelipe/.m2/repository/com/fasterxml/jackson/core/jackson-core/2.13.1/jackson-core-2.13.1.jar:/Users/andresfelipe/.m2/repository/com/fasterxml/jackson/datatype/jackson-datatype-jdk8/2.13.1/jackson-datatype-jdk8-2.13.1.jar:/Users/andresfelipe/.m2/repository/com/fasterxml/jackson/datatype/jackson-datatype-jsr310/2.13.1/jackson-datatype-jsr310-2.13.1.jar:/Users/andresfelipe/.m2/repository/com/fasterxml/jackson/module/jackson-module-parameter-names/2.13.1/jackson-module-parameter-names-2.13.1.jar:/Users/andresfelipe/.m2/repository/org/springframework/boot/spring-boot-starter-tomcat/2.6.2/spring-boot-starter-tomcat-2.6.2.jar:/Users/andresfelipe/.m2/repository/org/apache/tomcat/embed/tomcat-embed-core/9.0.56/tomcat-embed-core-9.0.56.jar:/Users/andresfelipe/.m2/repository/org/apache/tomcat/embed/tomcat-embed-el/9.0.56/tomcat-embed-el-9.0.56.jar:/Users/andresfelipe/.m2/repository/org/apache/tomcat/embed/tomcat-embed-websocket/9.0.56/tomcat-embed-websocket-9.0.56.jar:/Users/andresfelipe/.m2/repository/org/springframework/spring-web/5.3.14/spring-web-5.3.14.jar:/Users/andresfelipe/.m2/repository/org/springframework/spring-beans/5.3.14/spring-beans-5.3.14.jar:/Users/andresfelipe/.m2/repository/org/springframework/spring-webmvc/5.3.14/spring-webmvc-5.3.14.jar:/Users/andresfelipe/.m2/repository/org/springframework/spring-aop/5.3.14/spring-aop-5.3.14.jar:/Users/andresfelipe/.m2/repository/org/springframework/spring-context/5.3.14/spring-context-5.3.14.jar:/Users/andresfelipe/.m2/repository/org/springframework/spring-expression/5.3.14/spring-expression-5.3.14.jar:/Users/andresfelipe/.m2/repository/org/springframework/boot/spring-boot-devtools/2.6.2/spring-boot-devtools-2.6.2.jar:/Users/andresfelipe/.m2/repository/org/springframework/boot/spring-boot/2.6.2/spring-boot-2.6.2.jar:/Users/andresfelipe/.m2/repository/org/springframework/boot/spring-boot-autoconfigure/2.6.2/spring-boot-autoconfigure-2.6.2.jar:/Users/andresfelipe/.m2/repository/org/springframework/boot/spring-boot-starter-test/2.6.2/spring-boot-starter-test-2.6.2.jar:/Users/andresfelipe/.m2/repository/org/springframework/boot/spring-boot-test/2.6.2/spring-boot-test-2.6.2.jar:/Users/andresfelipe/.m2/repository/org/springframework/boot/spring-boot-test-autoconfigure/2.6.2/spring-boot-test-autoconfigure-2.6.2.jar:/Users/andresfelipe/.m2/repository/com/jayway/jsonpath/json-path/2.6.0/json-path-2.6.0.jar:/Users/andresfelipe/.m2/repository/net/minidev/json-smart/2.4.7/json-smart-2.4.7.jar:/Users/andresfelipe/.m2/repository/net/minidev/accessors-smart/2.4.7/accessors-smart-2.4.7.jar:/Users/andresfelipe/.m2/repository/org/ow2/asm/asm/9.1/asm-9.1.jar:/Users/andresfelipe/.m2/repository/jakarta/xml/bind/jakarta.xml.bind-api/2.3.3/jakarta.xml.bind-api-2.3.3.jar:/Users/andresfelipe/.m2/repository/jakarta/activation/jakarta.activation-api/1.2.2/jakarta.activation-api-1.2.2.jar:/Users/andresfelipe/.m2/repository/org/assertj/assertj-core/3.21.0/assertj-core-3.21.0.jar:/Users/andresfelipe/.m2/repository/org/hamcrest/hamcrest/2.2/hamcrest-2.2.jar:/Users/andresfelipe/.m2/repository/org/junit/jupiter/junit-jupiter/5.8.2/junit-jupiter-5.8.2.jar:/Users/andresfelipe/.m2/repository/org/junit/jupiter/junit-jupiter-api/5.8.2/junit-jupiter-api-5.8.2.jar:/Users/andresfelipe/.m2/repository/org/opentest4j/opentest4j/1.2.0/opentest4j-1.2.0.jar:/Users/andresfelipe/.m2/repository/org/junit/platform/junit-platform-commons/1.8.2/junit-platform-commons-1.8.2.jar:/Users/andresfelipe/.m2/repository/org/apiguardian/apiguardian-api/1.1.2/apiguardian-api-1.1.2.jar:/Users/andresfelipe/.m2/repository/org/junit/jupiter/junit-jupiter-params/5.8.2/junit-jupiter-params-5.8.2.jar:/Users/andresfelipe/.m2/repository/org/junit/jupiter/junit-jupiter-engine/5.8.2/junit-jupiter-engine-5.8.2.jar:/Users/andresfelipe/.m2/repository/org/junit/platform/junit-platform-engine/1.8.2/junit-platform-engine-1.8.2.jar:/Users/andresfelipe/.m2/repository/org/mockito/mockito-core/4.0.0/mockito-core-4.0.0.jar:/Users/andresfelipe/.m2/repository/net/bytebuddy/byte-buddy/1.11.22/byte-buddy-1.11.22.jar:/Users/andresfelipe/.m2/repository/net/bytebuddy/byte-buddy-agent/1.11.22/byte-buddy-agent-1.11.22.jar:/Users/andresfelipe/.m2/repository/org/objenesis/objenesis/3.2/objenesis-3.2.jar:/Users/andresfelipe/.m2/repository/org/mockito/mockito-junit-jupiter/4.0.0/mockito-junit-jupiter-4.0.0.jar:/Users/andresfelipe/.m2/repository/org/skyscreamer/jsonassert/1.5.0/jsonassert-1.5.0.jar:/Users/andresfelipe/.m2/repository/com/vaadin/external/google/android-json/0.0.20131108.vaadin1/android-json-0.0.20131108.vaadin1.jar:/Users/andresfelipe/.m2/repository/org/springframework/spring-core/5.3.14/spring-core-5.3.14.jar:/Users/andresfelipe/.m2/repository/org/springframework/spring-jcl/5.3.14/spring-jcl-5.3.14.jar:/Users/andresfelipe/.m2/repository/org/springframework/spring-test/5.3.14/spring-test-5.3.14.jar:/Users/andresfelipe/.m2/repository/org/xmlunit/xmlunit-core/2.8.4/xmlunit-core-2.8.4.jar:/Users/andresfelipe/.m2/repository/org/springframework/boot/spring-boot-starter-data-redis/2.6.2/spring-boot-starter-data-redis-2.6.2.jar:/Users/andresfelipe/.m2/repository/org/springframework/data/spring-data-redis/2.6.0/spring-data-redis-2.6.0.jar:/Users/andresfelipe/.m2/repository/org/springframework/data/spring-data-keyvalue/2.6.0/spring-data-keyvalue-2.6.0.jar:/Users/andresfelipe/.m2/repository/org/springframework/data/spring-data-commons/2.6.0/spring-data-commons-2.6.0.jar:/Users/andresfelipe/.m2/repository/org/springframework/spring-tx/5.3.14/spring-tx-5.3.14.jar:/Users/andresfelipe/.m2/repository/org/springframework/spring-oxm/5.3.14/spring-oxm-5.3.14.jar:/Users/andresfelipe/.m2/repository/org/springframework/spring-context-support/5.3.14/spring-context-support-5.3.14.jar:/Users/andresfelipe/.m2/repository/io/lettuce/lettuce-core/6.1.5.RELEASE/lettuce-core-6.1.5.RELEASE.jar:/Users/andresfelipe/.m2/repository/io/netty/netty-common/4.1.72.Final/netty-common-4.1.72.Final.jar:/Users/andresfelipe/.m2/repository/io/netty/netty-handler/4.1.72.Final/netty-handler-4.1.72.Final.jar:/Users/andresfelipe/.m2/repository/io/netty/netty-resolver/4.1.72.Final/netty-resolver-4.1.72.Final.jar:/Users/andresfelipe/.m2/repository/io/netty/netty-buffer/4.1.72.Final/netty-buffer-4.1.72.Final.jar:/Users/andresfelipe/.m2/repository/io/netty/netty-codec/4.1.72.Final/netty-codec-4.1.72.Final.jar:/Users/andresfelipe/.m2/repository/io/netty/netty-tcnative-classes/2.0.46.Final/netty-tcnative-classes-2.0.46.Final.jar:/Users/andresfelipe/.m2/repository/io/netty/netty-transport/4.1.72.Final/netty-transport-4.1.72.Final.jar:/Users/andresfelipe/.m2/repository/io/projectreactor/reactor-core/3.4.13/reactor-core-3.4.13.jar:/Users/andresfelipe/.m2/repository/org/reactivestreams/reactive-streams/1.0.3/reactive-streams-1.0.3.jar:/Users/andresfelipe/.m2/repository/redis/clients/jedis/3.7.0/jedis-3.7.0.jar:/Users/andresfelipe/.m2/repository/org/slf4j/slf4j-api/1.7.32/slf4j-api-1.7.32.jar:/Users/andresfelipe/.m2/repository/org/apache/commons/commons-pool2/2.11.1/commons-pool2-2.11.1.jar:/Users/andresfelipe/.m2/repository/com/h2database/h2/1.4.200/h2-1.4.200.jar:/Users/andresfelipe/.m2/repository/jakarta/persistence/jakarta.persistence-api/3.0.0/jakarta.persistence-api-3.0.0.jar:/Users/andresfelipe/.m2/repository/org/testng/testng/7.8.0/testng-7.8.0.jar:/Users/andresfelipe/.m2/repository/com/beust/jcommander/1.82/jcommander-1.82.jar:/Users/andresfelipe/.m2/repository/org/webjars/jquery/3.6.1/jquery-3.6.1.jar:/Users/andresfelipe/.m2/repository/org/springframework/boot/spring-boot-starter-websocket/2.6.2/spring-boot-starter-websocket-2.6.2.jar:/Users/andresfelipe/.m2/repository/org/springframework/spring-messaging/5.3.14/spring-messaging-5.3.14.jar:/Users/andresfelipe/.m2/repository/org/springframework/spring-websocket/5.3.14/spring-websocket-5.3.14.jar:"/>
    <property name="sun.cpu.endian" value="little"/>
    <property name="user.home" value="/Users/andresfelipe"/>
    <property name="user.language" value="es"/>
    <property name="java.specification.vendor" value="Oracle Corporation"/>
    <property name="java.version.date" value="2023-07-18"/>
    <property name="java.home" value="/usr/local/Cellar/openjdk/20.0.2/libexec/openjdk.jdk/Contents/Home"/>
    <property name="file.separator" value="/"/>
    <property name="basedir" value="/Volumes/ANDRESFAA/Proyecto ARSW/Ecipixels-Backend"/>
    <property name="java.vm.compressedOopsMode" value="Zero based"/>
    <property name="line.separator" value="&#10;"/>
    <property name="java.vm.specification.vendor" value="Oracle Corporation"/>
    <property name="java.specification.name" value="Java Platform API Specification"/>
    <property name="apple.awt.application.name" value="ForkedBooter"/>
    <property name="surefire.real.class.path" value="/Volumes/ANDRESFAA/Proyecto ARSW/Ecipixels-Backend/target/surefire/surefirebooter6050654879083400884.jar"/>
    <property name="sun.management.compiler" value="HotSpot 64-Bit Tiered Compilers"/>
    <property name="ftp.nonProxyHosts" value="local|*.local|169.254/16|*.169.254/16"/>
    <property name="java.runtime.version" value="20.0.2"/>
    <property name="user.name" value="andresfelipe"/>
    <property name="stdout.encoding" value="UTF-8"/>
    <property name="path.separator" value=":"/>
    <property name="os.version" value="12.7.4"/>
    <property name="java.runtime.name" value="OpenJDK Runtime Environment"/>
    <property name="file.encoding" value="UTF-8"/>
    <property name="java.vm.name" value="OpenJDK 64-Bit Server VM"/>
    <property name="java.vendor.version" value="Homebrew"/>
    <property name="localRepository" value="/Users/andresfelipe/.m2/repository"/>
    <property name="java.vendor.url.bug" value="https://github.com/Homebrew/homebrew-core/issues"/>
    <property name="java.io.tmpdir" value="/var/folders/z1/8f74pb4s0f58jwl56jrch3740000gn/T/"/>
    <property name="java.version" value="20.0.2"/>
    <property name="user.dir" value="/Volumes/ANDRESFAA/Proyecto ARSW/Ecipixels-Backend"/>
    <property name="os.arch" value="x86_64"/>
    <property name="java.vm.specification.name" value="Java Virtual Machine Specification"/>
    <property name="native.encoding" value="UTF-8"/>
    <property name="java.library.path" value="/Users/andresfelipe/Library/Java/Extensions:/Library/Java/Extensions:/Network/Library/Java/Extensions:/System/Library/Java/Extensions:/usr/lib/java:."/>
    <property name="java.vm.info" value="mixed mode, sharing"/>
    <property name="stderr.encoding" value="UTF-8"/>
    <property name="java.vendor" value="Homebrew"/>
    <property name="java.vm.version" value="20.0.2"/>
    <property name="sun.io.unicode.encoding" value="UnicodeBig"/>
    <property name="socksNonProxyHosts" value="local|*.local|169.254/16|*.169.254/16"/>
    <property name="java.class.version" value="64.0"/>
  </properties>
</testsuite>